<?xml version="1.0" encoding="UTF-8"?>
<testng-results ignored="0" total="2" passed="2" failed="0" skipped="0">
  <reporter-output>
  </reporter-output>
  <suite started-at="2020-03-04T06:44:13Z" name="Suite" finished-at="2020-03-04T06:44:40Z" duration-ms="27374">
    <groups>
    </groups>
    <test started-at="2020-03-04T06:44:13Z" name="Test" finished-at="2020-03-04T06:44:40Z" duration-ms="27374">
      <class name="testscripts.verifylogin">
        <test-method signature="verifyuserlogin()[pri:0, instance:testscripts.verifylogin@4b553d26]" started-at="2020-03-04T06:44:13Z" name="verifyuserlogin" finished-at="2020-03-04T06:44:40Z" duration-ms="27330" status="PASS">
          <reporter-output>
          </reporter-output>
        </test-method> <!-- verifyuserlogin -->
      </class> <!-- testscripts.verifylogin -->
      <class name="testscripts.opengoogle">
        <test-method signature="opengoogle()[pri:0, instance:testscripts.opengoogle@2a556333]" started-at="2020-03-04T06:44:13Z" name="opengoogle" finished-at="2020-03-04T06:44:29Z" duration-ms="15855" status="PASS">
          <reporter-output>
          </reporter-output>
        </test-method> <!-- opengoogle -->
      </class> <!-- testscripts.opengoogle -->
    </test> <!-- Test -->
  </suite> <!-- Suite -->
</testng-results>
